2022/08/08 14:51:44 [error] [exception.CHttpException.404] CHttpException: Unable to resolve the request "posts". in /var/www/html/library/yii-1.1.22/framework/web/CWebApplication.php:286
Stack trace:
#0 /var/www/html/library/yii-1.1.22/framework/web/CWebApplication.php(141): CWebApplication->runController('posts')
#1 /var/www/html/library/yii-1.1.22/framework/base/CApplication.php(185): CWebApplication->processRequest()
#2 /var/www/html/blog/index.php(13): CApplication->run()
#3 {main}
REQUEST_URI=/blog/index.php/posts
---
2022/08/08 14:51:56 [error] [php] include(Users.php): failed to open stream: No such file or directory (/var/www/html/library/yii-1.1.22/framework/YiiBase.php:463)
Stack trace:
#0 /var/www/html/library/yii-1.1.22/framework/db/ar/CActiveRecord.php(397): spl_autoload_call()
#1 /var/www/html/blog/protected/extensions/giix-components/GxActiveRecord.php(26): model()
#2 /var/www/html/blog/protected/extensions/giix-components/GxActiveRecord.php(119): model()
#3 /var/www/html/blog/protected/extensions/giix-components/GxActiveRecord.php(165): Post->getRelationLabel()
#4 /var/www/html/blog/protected/views/post/_view.php(7): Post->getAttributeLabel()
#5 /var/www/html/library/yii-1.1.22/framework/web/CBaseController.php(130): require()
#6 /var/www/html/library/yii-1.1.22/framework/web/CBaseController.php(95): PostController->renderInternal()
#7 /var/www/html/library/yii-1.1.22/framework/zii/widgets/CListView.php(291): PostController->renderFile()
#8 /var/www/html/library/yii-1.1.22/framework/zii/widgets/CBaseListView.php(181): CListView->renderItems()
#9 unknown(0): CListView->renderSection()
#10 /var/www/html/library/yii-1.1.22/framework/zii/widgets/CBaseListView.php(164): preg_replace_callback()
#11 /var/www/html/library/yii-1.1.22/framework/zii/widgets/CBaseListView.php(149): CListView->renderContent()
#12 /var/www/html/library/yii-1.1.22/framework/web/CBaseController.php(182): CListView->run()
#13 /var/www/html/blog/protected/views/post/index.php(18): PostController->widget()
#14 /var/www/html/library/yii-1.1.22/framework/web/CBaseController.php(126): require()
#15 /var/www/html/library/yii-1.1.22/framework/web/CBaseController.php(95): PostController->renderInternal()
#16 /var/www/html/library/yii-1.1.22/framework/web/CController.php(872): PostController->renderFile()
#17 /var/www/html/library/yii-1.1.22/framework/web/CController.php(785): PostController->renderPartial()
#18 /var/www/html/blog/protected/controllers/PostController.php(60): PostController->render()
#19 /var/www/html/library/yii-1.1.22/framework/web/actions/CInlineAction.php(49): PostController->actionIndex()
#20 /var/www/html/library/yii-1.1.22/framework/web/CController.php(308): CInlineAction->runWithParams()
#21 /var/www/html/library/yii-1.1.22/framework/web/CController.php(286): PostController->runAction()
#22 /var/www/html/library/yii-1.1.22/framework/web/CController.php(265): PostController->runActionWithFilters()
#23 /var/www/html/library/yii-1.1.22/framework/web/CWebApplication.php(282): PostController->run()
#24 /var/www/html/library/yii-1.1.22/framework/web/CWebApplication.php(141): CWebApplication->runController()
#25 /var/www/html/library/yii-1.1.22/framework/base/CApplication.php(185): CWebApplication->processRequest()
#26 /var/www/html/blog/index.php(13): CWebApplication->run()
REQUEST_URI=/blog/index.php/post
in /var/www/html/blog/protected/extensions/giix-components/GxActiveRecord.php (26)
in /var/www/html/blog/protected/extensions/giix-components/GxActiveRecord.php (119)
in /var/www/html/blog/protected/extensions/giix-components/GxActiveRecord.php (165)
2022/08/08 14:52:34 [error] [php] include(Users.php): failed to open stream: No such file or directory (/var/www/html/library/yii-1.1.22/framework/YiiBase.php:463)
Stack trace:
#0 /var/www/html/library/yii-1.1.22/framework/db/ar/CActiveRecord.php(397): spl_autoload_call()
#1 /var/www/html/blog/protected/extensions/giix-components/GxActiveRecord.php(26): model()
#2 /var/www/html/blog/protected/extensions/giix-components/GxActiveRecord.php(119): model()
#3 /var/www/html/blog/protected/extensions/giix-components/GxActiveRecord.php(165): Post->getRelationLabel()
#4 /var/www/html/blog/protected/views/post/_view.php(7): Post->getAttributeLabel()
#5 /var/www/html/library/yii-1.1.22/framework/web/CBaseController.php(130): require()
#6 /var/www/html/library/yii-1.1.22/framework/web/CBaseController.php(95): PostController->renderInternal()
#7 /var/www/html/library/yii-1.1.22/framework/zii/widgets/CListView.php(291): PostController->renderFile()
#8 /var/www/html/library/yii-1.1.22/framework/zii/widgets/CBaseListView.php(181): CListView->renderItems()
#9 unknown(0): CListView->renderSection()
#10 /var/www/html/library/yii-1.1.22/framework/zii/widgets/CBaseListView.php(164): preg_replace_callback()
#11 /var/www/html/library/yii-1.1.22/framework/zii/widgets/CBaseListView.php(149): CListView->renderContent()
#12 /var/www/html/library/yii-1.1.22/framework/web/CBaseController.php(182): CListView->run()
#13 /var/www/html/blog/protected/views/post/index.php(18): PostController->widget()
#14 /var/www/html/library/yii-1.1.22/framework/web/CBaseController.php(126): require()
#15 /var/www/html/library/yii-1.1.22/framework/web/CBaseController.php(95): PostController->renderInternal()
#16 /var/www/html/library/yii-1.1.22/framework/web/CController.php(872): PostController->renderFile()
#17 /var/www/html/library/yii-1.1.22/framework/web/CController.php(785): PostController->renderPartial()
#18 /var/www/html/blog/protected/controllers/PostController.php(60): PostController->render()
#19 /var/www/html/library/yii-1.1.22/framework/web/actions/CInlineAction.php(49): PostController->actionIndex()
#20 /var/www/html/library/yii-1.1.22/framework/web/CController.php(308): CInlineAction->runWithParams()
#21 /var/www/html/library/yii-1.1.22/framework/web/CController.php(286): PostController->runAction()
#22 /var/www/html/library/yii-1.1.22/framework/web/CController.php(265): PostController->runActionWithFilters()
#23 /var/www/html/library/yii-1.1.22/framework/web/CWebApplication.php(282): PostController->run()
#24 /var/www/html/library/yii-1.1.22/framework/web/CWebApplication.php(141): CWebApplication->runController()
#25 /var/www/html/library/yii-1.1.22/framework/base/CApplication.php(185): CWebApplication->processRequest()
#26 /var/www/html/blog/index.php(13): CWebApplication->run()
REQUEST_URI=/blog/index.php/post
in /var/www/html/blog/protected/extensions/giix-components/GxActiveRecord.php (26)
in /var/www/html/blog/protected/extensions/giix-components/GxActiveRecord.php (119)
in /var/www/html/blog/protected/extensions/giix-components/GxActiveRecord.php (165)
2022/08/08 14:53:31 [error] [php] include(Users.php): failed to open stream: No such file or directory (/var/www/html/library/yii-1.1.22/framework/YiiBase.php:463)
Stack trace:
#0 /var/www/html/library/yii-1.1.22/framework/db/ar/CActiveRecord.php(397): spl_autoload_call()
#1 /var/www/html/blog/protected/extensions/giix-components/GxActiveRecord.php(26): model()
#2 /var/www/html/blog/protected/extensions/giix-components/GxActiveRecord.php(119): model()
#3 /var/www/html/blog/protected/extensions/giix-components/GxActiveRecord.php(165): Post->getRelationLabel()
#4 /var/www/html/blog/protected/views/post/_view.php(7): Post->getAttributeLabel()
#5 /var/www/html/library/yii-1.1.22/framework/web/CBaseController.php(130): require()
#6 /var/www/html/library/yii-1.1.22/framework/web/CBaseController.php(95): PostController->renderInternal()
#7 /var/www/html/library/yii-1.1.22/framework/zii/widgets/CListView.php(291): PostController->renderFile()
#8 /var/www/html/library/yii-1.1.22/framework/zii/widgets/CBaseListView.php(181): CListView->renderItems()
#9 unknown(0): CListView->renderSection()
#10 /var/www/html/library/yii-1.1.22/framework/zii/widgets/CBaseListView.php(164): preg_replace_callback()
#11 /var/www/html/library/yii-1.1.22/framework/zii/widgets/CBaseListView.php(149): CListView->renderContent()
#12 /var/www/html/library/yii-1.1.22/framework/web/CBaseController.php(182): CListView->run()
#13 /var/www/html/blog/protected/views/post/index.php(18): PostController->widget()
#14 /var/www/html/library/yii-1.1.22/framework/web/CBaseController.php(126): require()
#15 /var/www/html/library/yii-1.1.22/framework/web/CBaseController.php(95): PostController->renderInternal()
#16 /var/www/html/library/yii-1.1.22/framework/web/CController.php(872): PostController->renderFile()
#17 /var/www/html/library/yii-1.1.22/framework/web/CController.php(785): PostController->renderPartial()
#18 /var/www/html/blog/protected/controllers/PostController.php(60): PostController->render()
#19 /var/www/html/library/yii-1.1.22/framework/web/actions/CInlineAction.php(49): PostController->actionIndex()
#20 /var/www/html/library/yii-1.1.22/framework/web/CController.php(308): CInlineAction->runWithParams()
#21 /var/www/html/library/yii-1.1.22/framework/web/CController.php(286): PostController->runAction()
#22 /var/www/html/library/yii-1.1.22/framework/web/CController.php(265): PostController->runActionWithFilters()
#23 /var/www/html/library/yii-1.1.22/framework/web/CWebApplication.php(282): PostController->run()
#24 /var/www/html/library/yii-1.1.22/framework/web/CWebApplication.php(141): CWebApplication->runController()
#25 /var/www/html/library/yii-1.1.22/framework/base/CApplication.php(185): CWebApplication->processRequest()
#26 /var/www/html/blog/index.php(13): CWebApplication->run()
REQUEST_URI=/blog/index.php/post
in /var/www/html/blog/protected/extensions/giix-components/GxActiveRecord.php (26)
in /var/www/html/blog/protected/extensions/giix-components/GxActiveRecord.php (119)
in /var/www/html/blog/protected/extensions/giix-components/GxActiveRecord.php (165)
2022/08/08 14:58:34 [error] [php] include(Comments.php): failed to open stream: No such file or directory (/var/www/html/library/yii-1.1.22/framework/YiiBase.php:463)
Stack trace:
#0 /var/www/html/library/yii-1.1.22/framework/db/ar/CActiveRecord.php(397): spl_autoload_call()
#1 /var/www/html/blog/protected/extensions/giix-components/GxActiveRecord.php(26): model()
#2 /var/www/html/blog/protected/extensions/giix-components/GxActiveRecord.php(152): model()
#3 /var/www/html/blog/protected/views/user/view.php(34): User->getRelationLabel()
#4 /var/www/html/library/yii-1.1.22/framework/web/CBaseController.php(126): require()
#5 /var/www/html/library/yii-1.1.22/framework/web/CBaseController.php(95): UserController->renderInternal()
#6 /var/www/html/library/yii-1.1.22/framework/web/CController.php(872): UserController->renderFile()
#7 /var/www/html/library/yii-1.1.22/framework/web/CController.php(785): UserController->renderPartial()
#8 /var/www/html/blog/protected/controllers/UserController.php(8): UserController->render()
#9 unknown(0): UserController->actionView()
#10 /var/www/html/library/yii-1.1.22/framework/web/actions/CAction.php(109): ReflectionMethod->invokeArgs()
#11 /var/www/html/library/yii-1.1.22/framework/web/actions/CInlineAction.php(47): CInlineAction->runWithParamsInternal()
#12 /var/www/html/library/yii-1.1.22/framework/web/CController.php(308): CInlineAction->runWithParams()
#13 /var/www/html/library/yii-1.1.22/framework/web/CController.php(286): UserController->runAction()
#14 /var/www/html/library/yii-1.1.22/framework/web/CController.php(265): UserController->runActionWithFilters()
#15 /var/www/html/library/yii-1.1.22/framework/web/CWebApplication.php(282): UserController->run()
#16 /var/www/html/library/yii-1.1.22/framework/web/CWebApplication.php(141): CWebApplication->runController()
#17 /var/www/html/library/yii-1.1.22/framework/base/CApplication.php(185): CWebApplication->processRequest()
#18 /var/www/html/blog/index.php(13): CWebApplication->run()
REQUEST_URI=/blog/index.php/user/1
in /var/www/html/blog/protected/extensions/giix-components/GxActiveRecord.php (26)
in /var/www/html/blog/protected/extensions/giix-components/GxActiveRecord.php (152)
in /var/www/html/blog/protected/views/user/view.php (34)
2022/08/08 15:00:15 [error] [php] include(Comments.php): failed to open stream: No such file or directory (/var/www/html/library/yii-1.1.22/framework/YiiBase.php:463)
Stack trace:
#0 /var/www/html/library/yii-1.1.22/framework/db/ar/CActiveRecord.php(397): spl_autoload_call()
#1 /var/www/html/blog/protected/extensions/giix-components/GxActiveRecord.php(26): model()
#2 /var/www/html/blog/protected/extensions/giix-components/GxActiveRecord.php(152): model()
#3 /var/www/html/blog/protected/views/user/view.php(34): User->getRelationLabel()
#4 /var/www/html/library/yii-1.1.22/framework/web/CBaseController.php(126): require()
#5 /var/www/html/library/yii-1.1.22/framework/web/CBaseController.php(95): UserController->renderInternal()
#6 /var/www/html/library/yii-1.1.22/framework/web/CController.php(872): UserController->renderFile()
#7 /var/www/html/library/yii-1.1.22/framework/web/CController.php(785): UserController->renderPartial()
#8 /var/www/html/blog/protected/controllers/UserController.php(8): UserController->render()
#9 unknown(0): UserController->actionView()
#10 /var/www/html/library/yii-1.1.22/framework/web/actions/CAction.php(109): ReflectionMethod->invokeArgs()
#11 /var/www/html/library/yii-1.1.22/framework/web/actions/CInlineAction.php(47): CInlineAction->runWithParamsInternal()
#12 /var/www/html/library/yii-1.1.22/framework/web/CController.php(308): CInlineAction->runWithParams()
#13 /var/www/html/library/yii-1.1.22/framework/web/CController.php(286): UserController->runAction()
#14 /var/www/html/library/yii-1.1.22/framework/web/CController.php(265): UserController->runActionWithFilters()
#15 /var/www/html/library/yii-1.1.22/framework/web/CWebApplication.php(282): UserController->run()
#16 /var/www/html/library/yii-1.1.22/framework/web/CWebApplication.php(141): CWebApplication->runController()
#17 /var/www/html/library/yii-1.1.22/framework/base/CApplication.php(185): CWebApplication->processRequest()
#18 /var/www/html/blog/index.php(13): CWebApplication->run()
REQUEST_URI=/blog/index.php/user/1
in /var/www/html/blog/protected/extensions/giix-components/GxActiveRecord.php (26)
in /var/www/html/blog/protected/extensions/giix-components/GxActiveRecord.php (152)
in /var/www/html/blog/protected/views/user/view.php (34)
2022/08/08 15:00:21 [error] [php] include(Comments.php): failed to open stream: No such file or directory (/var/www/html/library/yii-1.1.22/framework/YiiBase.php:463)
Stack trace:
#0 /var/www/html/library/yii-1.1.22/framework/db/ar/CActiveRecord.php(397): spl_autoload_call()
#1 /var/www/html/blog/protected/extensions/giix-components/GxActiveRecord.php(26): model()
#2 /var/www/html/blog/protected/extensions/giix-components/GxActiveRecord.php(152): model()
#3 /var/www/html/blog/protected/views/user/view.php(34): User->getRelationLabel()
#4 /var/www/html/library/yii-1.1.22/framework/web/CBaseController.php(126): require()
#5 /var/www/html/library/yii-1.1.22/framework/web/CBaseController.php(95): UserController->renderInternal()
#6 /var/www/html/library/yii-1.1.22/framework/web/CController.php(872): UserController->renderFile()
#7 /var/www/html/library/yii-1.1.22/framework/web/CController.php(785): UserController->renderPartial()
#8 /var/www/html/blog/protected/controllers/UserController.php(8): UserController->render()
#9 unknown(0): UserController->actionView()
#10 /var/www/html/library/yii-1.1.22/framework/web/actions/CAction.php(109): ReflectionMethod->invokeArgs()
#11 /var/www/html/library/yii-1.1.22/framework/web/actions/CInlineAction.php(47): CInlineAction->runWithParamsInternal()
#12 /var/www/html/library/yii-1.1.22/framework/web/CController.php(308): CInlineAction->runWithParams()
#13 /var/www/html/library/yii-1.1.22/framework/web/CController.php(286): UserController->runAction()
#14 /var/www/html/library/yii-1.1.22/framework/web/CController.php(265): UserController->runActionWithFilters()
#15 /var/www/html/library/yii-1.1.22/framework/web/CWebApplication.php(282): UserController->run()
#16 /var/www/html/library/yii-1.1.22/framework/web/CWebApplication.php(141): CWebApplication->runController()
#17 /var/www/html/library/yii-1.1.22/framework/base/CApplication.php(185): CWebApplication->processRequest()
#18 /var/www/html/blog/index.php(13): CWebApplication->run()
REQUEST_URI=/blog/index.php/user/1
in /var/www/html/blog/protected/extensions/giix-components/GxActiveRecord.php (26)
in /var/www/html/blog/protected/extensions/giix-components/GxActiveRecord.php (152)
in /var/www/html/blog/protected/views/user/view.php (34)
2022/08/08 15:00:28 [error] [php] include(Comments.php): failed to open stream: No such file or directory (/var/www/html/library/yii-1.1.22/framework/YiiBase.php:463)
Stack trace:
#0 /var/www/html/library/yii-1.1.22/framework/db/ar/CActiveRecord.php(397): spl_autoload_call()
#1 /var/www/html/blog/protected/extensions/giix-components/GxActiveRecord.php(26): model()
#2 /var/www/html/blog/protected/extensions/giix-components/GxActiveRecord.php(152): model()
#3 /var/www/html/blog/protected/views/user/view.php(34): User->getRelationLabel()
#4 /var/www/html/library/yii-1.1.22/framework/web/CBaseController.php(126): require()
#5 /var/www/html/library/yii-1.1.22/framework/web/CBaseController.php(95): UserController->renderInternal()
#6 /var/www/html/library/yii-1.1.22/framework/web/CController.php(872): UserController->renderFile()
#7 /var/www/html/library/yii-1.1.22/framework/web/CController.php(785): UserController->renderPartial()
#8 /var/www/html/blog/protected/controllers/UserController.php(8): UserController->render()
#9 unknown(0): UserController->actionView()
#10 /var/www/html/library/yii-1.1.22/framework/web/actions/CAction.php(109): ReflectionMethod->invokeArgs()
#11 /var/www/html/library/yii-1.1.22/framework/web/actions/CInlineAction.php(47): CInlineAction->runWithParamsInternal()
#12 /var/www/html/library/yii-1.1.22/framework/web/CController.php(308): CInlineAction->runWithParams()
#13 /var/www/html/library/yii-1.1.22/framework/web/CController.php(286): UserController->runAction()
#14 /var/www/html/library/yii-1.1.22/framework/web/CController.php(265): UserController->runActionWithFilters()
#15 /var/www/html/library/yii-1.1.22/framework/web/CWebApplication.php(282): UserController->run()
#16 /var/www/html/library/yii-1.1.22/framework/web/CWebApplication.php(141): CWebApplication->runController()
#17 /var/www/html/library/yii-1.1.22/framework/base/CApplication.php(185): CWebApplication->processRequest()
#18 /var/www/html/blog/index.php(13): CWebApplication->run()
REQUEST_URI=/blog/index.php/user/1
in /var/www/html/blog/protected/extensions/giix-components/GxActiveRecord.php (26)
in /var/www/html/blog/protected/extensions/giix-components/GxActiveRecord.php (152)
in /var/www/html/blog/protected/views/user/view.php (34)
2022/08/08 15:00:29 [error] [php] include(Comments.php): failed to open stream: No such file or directory (/var/www/html/library/yii-1.1.22/framework/YiiBase.php:463)
Stack trace:
#0 /var/www/html/library/yii-1.1.22/framework/db/ar/CActiveRecord.php(397): spl_autoload_call()
#1 /var/www/html/blog/protected/extensions/giix-components/GxActiveRecord.php(26): model()
#2 /var/www/html/blog/protected/extensions/giix-components/GxActiveRecord.php(152): model()
#3 /var/www/html/blog/protected/views/user/view.php(34): User->getRelationLabel()
#4 /var/www/html/library/yii-1.1.22/framework/web/CBaseController.php(126): require()
#5 /var/www/html/library/yii-1.1.22/framework/web/CBaseController.php(95): UserController->renderInternal()
#6 /var/www/html/library/yii-1.1.22/framework/web/CController.php(872): UserController->renderFile()
#7 /var/www/html/library/yii-1.1.22/framework/web/CController.php(785): UserController->renderPartial()
#8 /var/www/html/blog/protected/controllers/UserController.php(8): UserController->render()
#9 unknown(0): UserController->actionView()
#10 /var/www/html/library/yii-1.1.22/framework/web/actions/CAction.php(109): ReflectionMethod->invokeArgs()
#11 /var/www/html/library/yii-1.1.22/framework/web/actions/CInlineAction.php(47): CInlineAction->runWithParamsInternal()
#12 /var/www/html/library/yii-1.1.22/framework/web/CController.php(308): CInlineAction->runWithParams()
#13 /var/www/html/library/yii-1.1.22/framework/web/CController.php(286): UserController->runAction()
#14 /var/www/html/library/yii-1.1.22/framework/web/CController.php(265): UserController->runActionWithFilters()
#15 /var/www/html/library/yii-1.1.22/framework/web/CWebApplication.php(282): UserController->run()
#16 /var/www/html/library/yii-1.1.22/framework/web/CWebApplication.php(141): CWebApplication->runController()
#17 /var/www/html/library/yii-1.1.22/framework/base/CApplication.php(185): CWebApplication->processRequest()
#18 /var/www/html/blog/index.php(13): CWebApplication->run()
REQUEST_URI=/blog/index.php/user/1
in /var/www/html/blog/protected/extensions/giix-components/GxActiveRecord.php (26)
in /var/www/html/blog/protected/extensions/giix-components/GxActiveRecord.php (152)
in /var/www/html/blog/protected/views/user/view.php (34)
2022/08/08 15:00:30 [error] [php] include(Comments.php): failed to open stream: No such file or directory (/var/www/html/library/yii-1.1.22/framework/YiiBase.php:463)
Stack trace:
#0 /var/www/html/library/yii-1.1.22/framework/db/ar/CActiveRecord.php(397): spl_autoload_call()
#1 /var/www/html/blog/protected/extensions/giix-components/GxActiveRecord.php(26): model()
#2 /var/www/html/blog/protected/extensions/giix-components/GxActiveRecord.php(152): model()
#3 /var/www/html/blog/protected/views/user/view.php(34): User->getRelationLabel()
#4 /var/www/html/library/yii-1.1.22/framework/web/CBaseController.php(126): require()
#5 /var/www/html/library/yii-1.1.22/framework/web/CBaseController.php(95): UserController->renderInternal()
#6 /var/www/html/library/yii-1.1.22/framework/web/CController.php(872): UserController->renderFile()
#7 /var/www/html/library/yii-1.1.22/framework/web/CController.php(785): UserController->renderPartial()
#8 /var/www/html/blog/protected/controllers/UserController.php(8): UserController->render()
#9 unknown(0): UserController->actionView()
#10 /var/www/html/library/yii-1.1.22/framework/web/actions/CAction.php(109): ReflectionMethod->invokeArgs()
#11 /var/www/html/library/yii-1.1.22/framework/web/actions/CInlineAction.php(47): CInlineAction->runWithParamsInternal()
#12 /var/www/html/library/yii-1.1.22/framework/web/CController.php(308): CInlineAction->runWithParams()
#13 /var/www/html/library/yii-1.1.22/framework/web/CController.php(286): UserController->runAction()
#14 /var/www/html/library/yii-1.1.22/framework/web/CController.php(265): UserController->runActionWithFilters()
#15 /var/www/html/library/yii-1.1.22/framework/web/CWebApplication.php(282): UserController->run()
#16 /var/www/html/library/yii-1.1.22/framework/web/CWebApplication.php(141): CWebApplication->runController()
#17 /var/www/html/library/yii-1.1.22/framework/base/CApplication.php(185): CWebApplication->processRequest()
#18 /var/www/html/blog/index.php(13): CWebApplication->run()
REQUEST_URI=/blog/index.php/user/1
in /var/www/html/blog/protected/extensions/giix-components/GxActiveRecord.php (26)
in /var/www/html/blog/protected/extensions/giix-components/GxActiveRecord.php (152)
in /var/www/html/blog/protected/views/user/view.php (34)
2022/08/08 15:00:51 [error] [php] include(Posts.php): failed to open stream: No such file or directory (/var/www/html/library/yii-1.1.22/framework/YiiBase.php:463)
Stack trace:
#0 /var/www/html/library/yii-1.1.22/framework/db/ar/CActiveRecord.php(397): spl_autoload_call()
#1 /var/www/html/blog/protected/extensions/giix-components/GxActiveRecord.php(26): model()
#2 /var/www/html/blog/protected/extensions/giix-components/GxActiveRecord.php(152): model()
#3 /var/www/html/blog/protected/views/user/view.php(43): User->getRelationLabel()
#4 /var/www/html/library/yii-1.1.22/framework/web/CBaseController.php(126): require()
#5 /var/www/html/library/yii-1.1.22/framework/web/CBaseController.php(95): UserController->renderInternal()
#6 /var/www/html/library/yii-1.1.22/framework/web/CController.php(872): UserController->renderFile()
#7 /var/www/html/library/yii-1.1.22/framework/web/CController.php(785): UserController->renderPartial()
#8 /var/www/html/blog/protected/controllers/UserController.php(8): UserController->render()
#9 unknown(0): UserController->actionView()
#10 /var/www/html/library/yii-1.1.22/framework/web/actions/CAction.php(109): ReflectionMethod->invokeArgs()
#11 /var/www/html/library/yii-1.1.22/framework/web/actions/CInlineAction.php(47): CInlineAction->runWithParamsInternal()
#12 /var/www/html/library/yii-1.1.22/framework/web/CController.php(308): CInlineAction->runWithParams()
#13 /var/www/html/library/yii-1.1.22/framework/web/CController.php(286): UserController->runAction()
#14 /var/www/html/library/yii-1.1.22/framework/web/CController.php(265): UserController->runActionWithFilters()
#15 /var/www/html/library/yii-1.1.22/framework/web/CWebApplication.php(282): UserController->run()
#16 /var/www/html/library/yii-1.1.22/framework/web/CWebApplication.php(141): CWebApplication->runController()
#17 /var/www/html/library/yii-1.1.22/framework/base/CApplication.php(185): CWebApplication->processRequest()
#18 /var/www/html/blog/index.php(13): CWebApplication->run()
REQUEST_URI=/blog/index.php/user/1
in /var/www/html/blog/protected/extensions/giix-components/GxActiveRecord.php (26)
in /var/www/html/blog/protected/extensions/giix-components/GxActiveRecord.php (152)
in /var/www/html/blog/protected/views/user/view.php (43)
2022/08/08 15:00:53 [error] [php] include(Posts.php): failed to open stream: No such file or directory (/var/www/html/library/yii-1.1.22/framework/YiiBase.php:463)
Stack trace:
#0 /var/www/html/library/yii-1.1.22/framework/db/ar/CActiveRecord.php(397): spl_autoload_call()
#1 /var/www/html/blog/protected/extensions/giix-components/GxActiveRecord.php(26): model()
#2 /var/www/html/blog/protected/extensions/giix-components/GxActiveRecord.php(152): model()
#3 /var/www/html/blog/protected/views/user/view.php(43): User->getRelationLabel()
#4 /var/www/html/library/yii-1.1.22/framework/web/CBaseController.php(126): require()
#5 /var/www/html/library/yii-1.1.22/framework/web/CBaseController.php(95): UserController->renderInternal()
#6 /var/www/html/library/yii-1.1.22/framework/web/CController.php(872): UserController->renderFile()
#7 /var/www/html/library/yii-1.1.22/framework/web/CController.php(785): UserController->renderPartial()
#8 /var/www/html/blog/protected/controllers/UserController.php(8): UserController->render()
#9 unknown(0): UserController->actionView()
#10 /var/www/html/library/yii-1.1.22/framework/web/actions/CAction.php(109): ReflectionMethod->invokeArgs()
#11 /var/www/html/library/yii-1.1.22/framework/web/actions/CInlineAction.php(47): CInlineAction->runWithParamsInternal()
#12 /var/www/html/library/yii-1.1.22/framework/web/CController.php(308): CInlineAction->runWithParams()
#13 /var/www/html/library/yii-1.1.22/framework/web/CController.php(286): UserController->runAction()
#14 /var/www/html/library/yii-1.1.22/framework/web/CController.php(265): UserController->runActionWithFilters()
#15 /var/www/html/library/yii-1.1.22/framework/web/CWebApplication.php(282): UserController->run()
#16 /var/www/html/library/yii-1.1.22/framework/web/CWebApplication.php(141): CWebApplication->runController()
#17 /var/www/html/library/yii-1.1.22/framework/base/CApplication.php(185): CWebApplication->processRequest()
#18 /var/www/html/blog/index.php(13): CWebApplication->run()
REQUEST_URI=/blog/index.php/user/1
in /var/www/html/blog/protected/extensions/giix-components/GxActiveRecord.php (26)
in /var/www/html/blog/protected/extensions/giix-components/GxActiveRecord.php (152)
in /var/www/html/blog/protected/views/user/view.php (43)
2022/08/08 15:00:54 [error] [php] include(Posts.php): failed to open stream: No such file or directory (/var/www/html/library/yii-1.1.22/framework/YiiBase.php:463)
Stack trace:
#0 /var/www/html/library/yii-1.1.22/framework/db/ar/CActiveRecord.php(397): spl_autoload_call()
#1 /var/www/html/blog/protected/extensions/giix-components/GxActiveRecord.php(26): model()
#2 /var/www/html/blog/protected/extensions/giix-components/GxActiveRecord.php(152): model()
#3 /var/www/html/blog/protected/views/user/view.php(43): User->getRelationLabel()
#4 /var/www/html/library/yii-1.1.22/framework/web/CBaseController.php(126): require()
#5 /var/www/html/library/yii-1.1.22/framework/web/CBaseController.php(95): UserController->renderInternal()
#6 /var/www/html/library/yii-1.1.22/framework/web/CController.php(872): UserController->renderFile()
#7 /var/www/html/library/yii-1.1.22/framework/web/CController.php(785): UserController->renderPartial()
#8 /var/www/html/blog/protected/controllers/UserController.php(8): UserController->render()
#9 unknown(0): UserController->actionView()
#10 /var/www/html/library/yii-1.1.22/framework/web/actions/CAction.php(109): ReflectionMethod->invokeArgs()
#11 /var/www/html/library/yii-1.1.22/framework/web/actions/CInlineAction.php(47): CInlineAction->runWithParamsInternal()
#12 /var/www/html/library/yii-1.1.22/framework/web/CController.php(308): CInlineAction->runWithParams()
#13 /var/www/html/library/yii-1.1.22/framework/web/CController.php(286): UserController->runAction()
#14 /var/www/html/library/yii-1.1.22/framework/web/CController.php(265): UserController->runActionWithFilters()
#15 /var/www/html/library/yii-1.1.22/framework/web/CWebApplication.php(282): UserController->run()
#16 /var/www/html/library/yii-1.1.22/framework/web/CWebApplication.php(141): CWebApplication->runController()
#17 /var/www/html/library/yii-1.1.22/framework/base/CApplication.php(185): CWebApplication->processRequest()
#18 /var/www/html/blog/index.php(13): CWebApplication->run()
REQUEST_URI=/blog/index.php/user/1
in /var/www/html/blog/protected/extensions/giix-components/GxActiveRecord.php (26)
in /var/www/html/blog/protected/extensions/giix-components/GxActiveRecord.php (152)
in /var/www/html/blog/protected/views/user/view.php (43)
2022/08/08 15:00:59 [error] [exception.CException] CException: Property "User.comments" is not defined. in /var/www/html/library/yii-1.1.22/framework/base/CComponent.php:130
Stack trace:
#0 /var/www/html/library/yii-1.1.22/framework/db/ar/CActiveRecord.php(145): CComponent->__get('comments')
#1 /var/www/html/blog/protected/views/user/view.php(37): CActiveRecord->__get('comments')
#2 /var/www/html/library/yii-1.1.22/framework/web/CBaseController.php(126): require('/var/www/html/b...')
#3 /var/www/html/library/yii-1.1.22/framework/web/CBaseController.php(95): CBaseController->renderInternal('/var/www/html/b...', Array, true)
#4 /var/www/html/library/yii-1.1.22/framework/web/CController.php(872): CBaseController->renderFile('/var/www/html/b...', Array, true)
#5 /var/www/html/library/yii-1.1.22/framework/web/CController.php(785): CController->renderPartial('view', Array, true)
#6 /var/www/html/blog/protected/controllers/UserController.php(8): CController->render('view', Array)
#7 [internal function]: UserController->actionView('1')
#8 /var/www/html/library/yii-1.1.22/framework/web/actions/CAction.php(109): ReflectionMethod->invokeArgs(Object(UserController), Array)
#9 /var/www/html/library/yii-1.1.22/framework/web/actions/CInlineAction.php(47): CAction->runWithParamsInternal(Object(UserController), Object(ReflectionMethod), Array)
#10 /var/www/html/library/yii-1.1.22/framework/web/CController.php(308): CInlineAction->runWithParams(Array)
#11 /var/www/html/library/yii-1.1.22/framework/web/CController.php(286): CController->runAction(Object(CInlineAction))
#12 /var/www/html/library/yii-1.1.22/framework/web/CController.php(265): CController->runActionWithFilters(Object(CInlineAction), Array)
#13 /var/www/html/library/yii-1.1.22/framework/web/CWebApplication.php(282): CController->run('view')
#14 /var/www/html/library/yii-1.1.22/framework/web/CWebApplication.php(141): CWebApplication->runController('user/view')
#15 /var/www/html/library/yii-1.1.22/framework/base/CApplication.php(185): CWebApplication->processRequest()
#16 /var/www/html/blog/index.php(13): CApplication->run()
#17 {main}
REQUEST_URI=/blog/index.php/user/1
HTTP_REFERER=http://conexa.blog/blog/index.php/user
---
2022/08/08 15:01:07 [error] [php] include(Comments.php): failed to open stream: No such file or directory (/var/www/html/library/yii-1.1.22/framework/YiiBase.php:463)
Stack trace:
#0 /var/www/html/library/yii-1.1.22/framework/db/ar/CActiveRecord.php(397): spl_autoload_call()
#1 /var/www/html/blog/protected/extensions/giix-components/GxActiveRecord.php(26): model()
#2 /var/www/html/blog/protected/extensions/giix-components/GxActiveRecord.php(152): model()
#3 /var/www/html/blog/protected/views/user/view.php(34): User->getRelationLabel()
#4 /var/www/html/library/yii-1.1.22/framework/web/CBaseController.php(126): require()
#5 /var/www/html/library/yii-1.1.22/framework/web/CBaseController.php(95): UserController->renderInternal()
#6 /var/www/html/library/yii-1.1.22/framework/web/CController.php(872): UserController->renderFile()
#7 /var/www/html/library/yii-1.1.22/framework/web/CController.php(785): UserController->renderPartial()
#8 /var/www/html/blog/protected/controllers/UserController.php(8): UserController->render()
#9 unknown(0): UserController->actionView()
#10 /var/www/html/library/yii-1.1.22/framework/web/actions/CAction.php(109): ReflectionMethod->invokeArgs()
#11 /var/www/html/library/yii-1.1.22/framework/web/actions/CInlineAction.php(47): CInlineAction->runWithParamsInternal()
#12 /var/www/html/library/yii-1.1.22/framework/web/CController.php(308): CInlineAction->runWithParams()
#13 /var/www/html/library/yii-1.1.22/framework/web/CController.php(286): UserController->runAction()
#14 /var/www/html/library/yii-1.1.22/framework/web/CController.php(265): UserController->runActionWithFilters()
#15 /var/www/html/library/yii-1.1.22/framework/web/CWebApplication.php(282): UserController->run()
#16 /var/www/html/library/yii-1.1.22/framework/web/CWebApplication.php(141): CWebApplication->runController()
#17 /var/www/html/library/yii-1.1.22/framework/base/CApplication.php(185): CWebApplication->processRequest()
#18 /var/www/html/blog/index.php(13): CWebApplication->run()
REQUEST_URI=/blog/index.php/user/1
in /var/www/html/blog/protected/extensions/giix-components/GxActiveRecord.php (26)
in /var/www/html/blog/protected/extensions/giix-components/GxActiveRecord.php (152)
in /var/www/html/blog/protected/views/user/view.php (34)
2022/08/08 15:04:28 [error] [exception.CHttpException.404] CHttpException: The requested page does not exist. in /var/www/html/blog/protected/extensions/giix-components/GxController.php:144
Stack trace:
#0 /var/www/html/blog/protected/controllers/PostController.php(8): GxController->loadModel('3', 'Post')
#1 [internal function]: PostController->actionView('3')
#2 /var/www/html/library/yii-1.1.22/framework/web/actions/CAction.php(109): ReflectionMethod->invokeArgs(Object(PostController), Array)
#3 /var/www/html/library/yii-1.1.22/framework/web/actions/CInlineAction.php(47): CAction->runWithParamsInternal(Object(PostController), Object(ReflectionMethod), Array)
#4 /var/www/html/library/yii-1.1.22/framework/web/CController.php(308): CInlineAction->runWithParams(Array)
#5 /var/www/html/library/yii-1.1.22/framework/web/CController.php(286): CController->runAction(Object(CInlineAction))
#6 /var/www/html/library/yii-1.1.22/framework/web/CController.php(265): CController->runActionWithFilters(Object(CInlineAction), Array)
#7 /var/www/html/library/yii-1.1.22/framework/web/CWebApplication.php(282): CController->run('view')
#8 /var/www/html/library/yii-1.1.22/framework/web/CWebApplication.php(141): CWebApplication->runController('post/view')
#9 /var/www/html/library/yii-1.1.22/framework/base/CApplication.php(185): CWebApplication->processRequest()
#10 /var/www/html/blog/index.php(13): CApplication->run()
#11 {main}
REQUEST_URI=/blog/index.php/post/3
---
2022/08/08 15:04:31 [error] [php] include(Users.php): failed to open stream: No such file or directory (/var/www/html/library/yii-1.1.22/framework/YiiBase.php:463)
Stack trace:
#0 /var/www/html/library/yii-1.1.22/framework/db/ar/CActiveRecord.php(397): spl_autoload_call()
#1 /var/www/html/blog/protected/extensions/giix-components/GxActiveRecord.php(26): model()
#2 /var/www/html/blog/protected/extensions/giix-components/GxActiveRecord.php(119): model()
#3 /var/www/html/blog/protected/extensions/giix-components/GxActiveRecord.php(165): Post->getRelationLabel()
#4 /var/www/html/blog/protected/views/post/_view.php(7): Post->getAttributeLabel()
#5 /var/www/html/library/yii-1.1.22/framework/web/CBaseController.php(130): require()
#6 /var/www/html/library/yii-1.1.22/framework/web/CBaseController.php(95): PostController->renderInternal()
#7 /var/www/html/library/yii-1.1.22/framework/zii/widgets/CListView.php(291): PostController->renderFile()
#8 /var/www/html/library/yii-1.1.22/framework/zii/widgets/CBaseListView.php(181): CListView->renderItems()
#9 unknown(0): CListView->renderSection()
#10 /var/www/html/library/yii-1.1.22/framework/zii/widgets/CBaseListView.php(164): preg_replace_callback()
#11 /var/www/html/library/yii-1.1.22/framework/zii/widgets/CBaseListView.php(149): CListView->renderContent()
#12 /var/www/html/library/yii-1.1.22/framework/web/CBaseController.php(182): CListView->run()
#13 /var/www/html/blog/protected/views/post/index.php(18): PostController->widget()
#14 /var/www/html/library/yii-1.1.22/framework/web/CBaseController.php(126): require()
#15 /var/www/html/library/yii-1.1.22/framework/web/CBaseController.php(95): PostController->renderInternal()
#16 /var/www/html/library/yii-1.1.22/framework/web/CController.php(872): PostController->renderFile()
#17 /var/www/html/library/yii-1.1.22/framework/web/CController.php(785): PostController->renderPartial()
#18 /var/www/html/blog/protected/controllers/PostController.php(60): PostController->render()
#19 /var/www/html/library/yii-1.1.22/framework/web/actions/CInlineAction.php(49): PostController->actionIndex()
#20 /var/www/html/library/yii-1.1.22/framework/web/CController.php(308): CInlineAction->runWithParams()
#21 /var/www/html/library/yii-1.1.22/framework/web/CController.php(286): PostController->runAction()
#22 /var/www/html/library/yii-1.1.22/framework/web/CController.php(265): PostController->runActionWithFilters()
#23 /var/www/html/library/yii-1.1.22/framework/web/CWebApplication.php(282): PostController->run()
#24 /var/www/html/library/yii-1.1.22/framework/web/CWebApplication.php(141): CWebApplication->runController()
#25 /var/www/html/library/yii-1.1.22/framework/base/CApplication.php(185): CWebApplication->processRequest()
#26 /var/www/html/blog/index.php(13): CWebApplication->run()
REQUEST_URI=/blog/index.php/post
in /var/www/html/blog/protected/extensions/giix-components/GxActiveRecord.php (26)
in /var/www/html/blog/protected/extensions/giix-components/GxActiveRecord.php (119)
in /var/www/html/blog/protected/extensions/giix-components/GxActiveRecord.php (165)
2022/08/08 15:05:04 [error] [php] include(Users.php): failed to open stream: No such file or directory (/var/www/html/library/yii-1.1.22/framework/YiiBase.php:463)
Stack trace:
#0 /var/www/html/library/yii-1.1.22/framework/db/ar/CActiveRecord.php(397): spl_autoload_call()
#1 /var/www/html/blog/protected/extensions/giix-components/GxActiveRecord.php(26): model()
#2 /var/www/html/blog/protected/extensions/giix-components/GxActiveRecord.php(119): model()
#3 /var/www/html/blog/protected/extensions/giix-components/GxActiveRecord.php(165): Post->getRelationLabel()
#4 /var/www/html/blog/protected/views/post/_view.php(7): Post->getAttributeLabel()
#5 /var/www/html/library/yii-1.1.22/framework/web/CBaseController.php(130): require()
#6 /var/www/html/library/yii-1.1.22/framework/web/CBaseController.php(95): PostController->renderInternal()
#7 /var/www/html/library/yii-1.1.22/framework/zii/widgets/CListView.php(291): PostController->renderFile()
#8 /var/www/html/library/yii-1.1.22/framework/zii/widgets/CBaseListView.php(181): CListView->renderItems()
#9 unknown(0): CListView->renderSection()
#10 /var/www/html/library/yii-1.1.22/framework/zii/widgets/CBaseListView.php(164): preg_replace_callback()
#11 /var/www/html/library/yii-1.1.22/framework/zii/widgets/CBaseListView.php(149): CListView->renderContent()
#12 /var/www/html/library/yii-1.1.22/framework/web/CBaseController.php(182): CListView->run()
#13 /var/www/html/blog/protected/views/post/index.php(18): PostController->widget()
#14 /var/www/html/library/yii-1.1.22/framework/web/CBaseController.php(126): require()
#15 /var/www/html/library/yii-1.1.22/framework/web/CBaseController.php(95): PostController->renderInternal()
#16 /var/www/html/library/yii-1.1.22/framework/web/CController.php(872): PostController->renderFile()
#17 /var/www/html/library/yii-1.1.22/framework/web/CController.php(785): PostController->renderPartial()
#18 /var/www/html/blog/protected/controllers/PostController.php(60): PostController->render()
#19 /var/www/html/library/yii-1.1.22/framework/web/actions/CInlineAction.php(49): PostController->actionIndex()
#20 /var/www/html/library/yii-1.1.22/framework/web/CController.php(308): CInlineAction->runWithParams()
#21 /var/www/html/library/yii-1.1.22/framework/web/CController.php(286): PostController->runAction()
#22 /var/www/html/library/yii-1.1.22/framework/web/CController.php(265): PostController->runActionWithFilters()
#23 /var/www/html/library/yii-1.1.22/framework/web/CWebApplication.php(282): PostController->run()
#24 /var/www/html/library/yii-1.1.22/framework/web/CWebApplication.php(141): CWebApplication->runController()
#25 /var/www/html/library/yii-1.1.22/framework/base/CApplication.php(185): CWebApplication->processRequest()
#26 /var/www/html/blog/index.php(13): CWebApplication->run()
REQUEST_URI=/blog/index.php/post
in /var/www/html/blog/protected/extensions/giix-components/GxActiveRecord.php (26)
in /var/www/html/blog/protected/extensions/giix-components/GxActiveRecord.php (119)
in /var/www/html/blog/protected/extensions/giix-components/GxActiveRecord.php (165)
2022/08/08 15:05:06 [error] [php] include(Users.php): failed to open stream: No such file or directory (/var/www/html/library/yii-1.1.22/framework/YiiBase.php:463)
Stack trace:
#0 /var/www/html/library/yii-1.1.22/framework/db/ar/CActiveRecord.php(397): spl_autoload_call()
#1 /var/www/html/blog/protected/extensions/giix-components/GxActiveRecord.php(26): model()
#2 /var/www/html/blog/protected/extensions/giix-components/GxActiveRecord.php(119): model()
#3 /var/www/html/blog/protected/extensions/giix-components/GxActiveRecord.php(165): Post->getRelationLabel()
#4 /var/www/html/blog/protected/views/post/_view.php(7): Post->getAttributeLabel()
#5 /var/www/html/library/yii-1.1.22/framework/web/CBaseController.php(130): require()
#6 /var/www/html/library/yii-1.1.22/framework/web/CBaseController.php(95): PostController->renderInternal()
#7 /var/www/html/library/yii-1.1.22/framework/zii/widgets/CListView.php(291): PostController->renderFile()
#8 /var/www/html/library/yii-1.1.22/framework/zii/widgets/CBaseListView.php(181): CListView->renderItems()
#9 unknown(0): CListView->renderSection()
#10 /var/www/html/library/yii-1.1.22/framework/zii/widgets/CBaseListView.php(164): preg_replace_callback()
#11 /var/www/html/library/yii-1.1.22/framework/zii/widgets/CBaseListView.php(149): CListView->renderContent()
#12 /var/www/html/library/yii-1.1.22/framework/web/CBaseController.php(182): CListView->run()
#13 /var/www/html/blog/protected/views/post/index.php(18): PostController->widget()
#14 /var/www/html/library/yii-1.1.22/framework/web/CBaseController.php(126): require()
#15 /var/www/html/library/yii-1.1.22/framework/web/CBaseController.php(95): PostController->renderInternal()
#16 /var/www/html/library/yii-1.1.22/framework/web/CController.php(872): PostController->renderFile()
#17 /var/www/html/library/yii-1.1.22/framework/web/CController.php(785): PostController->renderPartial()
#18 /var/www/html/blog/protected/controllers/PostController.php(60): PostController->render()
#19 /var/www/html/library/yii-1.1.22/framework/web/actions/CInlineAction.php(49): PostController->actionIndex()
#20 /var/www/html/library/yii-1.1.22/framework/web/CController.php(308): CInlineAction->runWithParams()
#21 /var/www/html/library/yii-1.1.22/framework/web/CController.php(286): PostController->runAction()
#22 /var/www/html/library/yii-1.1.22/framework/web/CController.php(265): PostController->runActionWithFilters()
#23 /var/www/html/library/yii-1.1.22/framework/web/CWebApplication.php(282): PostController->run()
#24 /var/www/html/library/yii-1.1.22/framework/web/CWebApplication.php(141): CWebApplication->runController()
#25 /var/www/html/library/yii-1.1.22/framework/base/CApplication.php(185): CWebApplication->processRequest()
#26 /var/www/html/blog/index.php(13): CWebApplication->run()
REQUEST_URI=/blog/index.php/post
in /var/www/html/blog/protected/extensions/giix-components/GxActiveRecord.php (26)
in /var/www/html/blog/protected/extensions/giix-components/GxActiveRecord.php (119)
in /var/www/html/blog/protected/extensions/giix-components/GxActiveRecord.php (165)
2022/08/08 15:06:27 [error] [exception.CHttpException.404] CHttpException: The system is unable to find the requested action "post". in /var/www/html/library/yii-1.1.22/framework/web/CController.php:486
Stack trace:
#0 /var/www/html/library/yii-1.1.22/framework/web/CController.php(270): CController->missingAction('post')
#1 /var/www/html/library/yii-1.1.22/framework/web/CWebApplication.php(282): CController->run('post')
#2 /var/www/html/library/yii-1.1.22/framework/web/CWebApplication.php(141): CWebApplication->runController('comment/post')
#3 /var/www/html/library/yii-1.1.22/framework/base/CApplication.php(185): CWebApplication->processRequest()
#4 /var/www/html/blog/index.php(13): CApplication->run()
#5 {main}
REQUEST_URI=/blog/index.php/comment/post
---
2022/08/08 15:08:47 [error] [exception.CHttpException.404] CHttpException: The system is unable to find the requested action "post". in /var/www/html/library/yii-1.1.22/framework/web/CController.php:486
Stack trace:
#0 /var/www/html/library/yii-1.1.22/framework/web/CController.php(270): CController->missingAction('post')
#1 /var/www/html/library/yii-1.1.22/framework/web/CWebApplication.php(282): CController->run('post')
#2 /var/www/html/library/yii-1.1.22/framework/web/CWebApplication.php(141): CWebApplication->runController('comment/post')
#3 /var/www/html/library/yii-1.1.22/framework/base/CApplication.php(185): CWebApplication->processRequest()
#4 /var/www/html/blog/index.php(13): CApplication->run()
#5 {main}
REQUEST_URI=/blog/index.php/comment/post
---
2022/08/08 15:08:48 [error] [exception.CHttpException.404] CHttpException: The system is unable to find the requested action "post". in /var/www/html/library/yii-1.1.22/framework/web/CController.php:486
Stack trace:
#0 /var/www/html/library/yii-1.1.22/framework/web/CController.php(270): CController->missingAction('post')
#1 /var/www/html/library/yii-1.1.22/framework/web/CWebApplication.php(282): CController->run('post')
#2 /var/www/html/library/yii-1.1.22/framework/web/CWebApplication.php(141): CWebApplication->runController('comment/post')
#3 /var/www/html/library/yii-1.1.22/framework/base/CApplication.php(185): CWebApplication->processRequest()
#4 /var/www/html/blog/index.php(13): CApplication->run()
#5 {main}
REQUEST_URI=/blog/index.php/comment/post
---
2022/08/08 15:10:06 [error] [exception.CHttpException.404] CHttpException: Unable to resolve the request "users/view". in /var/www/html/library/yii-1.1.22/framework/web/CWebApplication.php:286
Stack trace:
#0 /var/www/html/library/yii-1.1.22/framework/web/CWebApplication.php(141): CWebApplication->runController('users/view')
#1 /var/www/html/library/yii-1.1.22/framework/base/CApplication.php(185): CWebApplication->processRequest()
#2 /var/www/html/blog/index.php(13): CApplication->run()
#3 {main}
REQUEST_URI=/blog/index.php/users/1
HTTP_REFERER=http://conexa.blog/blog/index.php/comment/1
---
2022/08/08 15:11:25 [error] [php] include(Comments.php): failed to open stream: No such file or directory (/var/www/html/library/yii-1.1.22/framework/YiiBase.php:463)
Stack trace:
#0 /var/www/html/library/yii-1.1.22/framework/db/ar/CActiveRecord.php(397): spl_autoload_call()
#1 /var/www/html/blog/protected/extensions/giix-components/GxActiveRecord.php(26): model()
#2 /var/www/html/blog/protected/extensions/giix-components/GxActiveRecord.php(152): model()
#3 /var/www/html/blog/protected/views/user/view.php(34): User->getRelationLabel()
#4 /var/www/html/library/yii-1.1.22/framework/web/CBaseController.php(126): require()
#5 /var/www/html/library/yii-1.1.22/framework/web/CBaseController.php(95): UserController->renderInternal()
#6 /var/www/html/library/yii-1.1.22/framework/web/CController.php(872): UserController->renderFile()
#7 /var/www/html/library/yii-1.1.22/framework/web/CController.php(785): UserController->renderPartial()
#8 /var/www/html/blog/protected/controllers/UserController.php(8): UserController->render()
#9 unknown(0): UserController->actionView()
#10 /var/www/html/library/yii-1.1.22/framework/web/actions/CAction.php(109): ReflectionMethod->invokeArgs()
#11 /var/www/html/library/yii-1.1.22/framework/web/actions/CInlineAction.php(47): CInlineAction->runWithParamsInternal()
#12 /var/www/html/library/yii-1.1.22/framework/web/CController.php(308): CInlineAction->runWithParams()
#13 /var/www/html/library/yii-1.1.22/framework/web/CController.php(286): UserController->runAction()
#14 /var/www/html/library/yii-1.1.22/framework/web/CController.php(265): UserController->runActionWithFilters()
#15 /var/www/html/library/yii-1.1.22/framework/web/CWebApplication.php(282): UserController->run()
#16 /var/www/html/library/yii-1.1.22/framework/web/CWebApplication.php(141): CWebApplication->runController()
#17 /var/www/html/library/yii-1.1.22/framework/base/CApplication.php(185): CWebApplication->processRequest()
#18 /var/www/html/blog/index.php(13): CWebApplication->run()
REQUEST_URI=/blog/index.php/user/1
in /var/www/html/blog/protected/extensions/giix-components/GxActiveRecord.php (26)
in /var/www/html/blog/protected/extensions/giix-components/GxActiveRecord.php (152)
in /var/www/html/blog/protected/views/user/view.php (34)
2022/08/08 15:11:54 [error] [php] include(Comments.php): failed to open stream: No such file or directory (/var/www/html/library/yii-1.1.22/framework/YiiBase.php:463)
Stack trace:
#0 /var/www/html/library/yii-1.1.22/framework/db/ar/CActiveRecord.php(397): spl_autoload_call()
#1 /var/www/html/blog/protected/extensions/giix-components/GxActiveRecord.php(26): model()
#2 /var/www/html/blog/protected/extensions/giix-components/GxActiveRecord.php(152): model()
#3 /var/www/html/blog/protected/views/user/view.php(34): User->getRelationLabel()
#4 /var/www/html/library/yii-1.1.22/framework/web/CBaseController.php(126): require()
#5 /var/www/html/library/yii-1.1.22/framework/web/CBaseController.php(95): UserController->renderInternal()
#6 /var/www/html/library/yii-1.1.22/framework/web/CController.php(872): UserController->renderFile()
#7 /var/www/html/library/yii-1.1.22/framework/web/CController.php(785): UserController->renderPartial()
#8 /var/www/html/blog/protected/controllers/UserController.php(8): UserController->render()
#9 unknown(0): UserController->actionView()
#10 /var/www/html/library/yii-1.1.22/framework/web/actions/CAction.php(109): ReflectionMethod->invokeArgs()
#11 /var/www/html/library/yii-1.1.22/framework/web/actions/CInlineAction.php(47): CInlineAction->runWithParamsInternal()
#12 /var/www/html/library/yii-1.1.22/framework/web/CController.php(308): CInlineAction->runWithParams()
#13 /var/www/html/library/yii-1.1.22/framework/web/CController.php(286): UserController->runAction()
#14 /var/www/html/library/yii-1.1.22/framework/web/CController.php(265): UserController->runActionWithFilters()
#15 /var/www/html/library/yii-1.1.22/framework/web/CWebApplication.php(282): UserController->run()
#16 /var/www/html/library/yii-1.1.22/framework/web/CWebApplication.php(141): CWebApplication->runController()
#17 /var/www/html/library/yii-1.1.22/framework/base/CApplication.php(185): CWebApplication->processRequest()
#18 /var/www/html/blog/index.php(13): CWebApplication->run()
REQUEST_URI=/blog/index.php/user/1
in /var/www/html/blog/protected/extensions/giix-components/GxActiveRecord.php (26)
in /var/www/html/blog/protected/extensions/giix-components/GxActiveRecord.php (152)
in /var/www/html/blog/protected/views/user/view.php (34)
2022/08/08 15:11:55 [error] [php] include(Comments.php): failed to open stream: No such file or directory (/var/www/html/library/yii-1.1.22/framework/YiiBase.php:463)
Stack trace:
#0 /var/www/html/library/yii-1.1.22/framework/db/ar/CActiveRecord.php(397): spl_autoload_call()
#1 /var/www/html/blog/protected/extensions/giix-components/GxActiveRecord.php(26): model()
#2 /var/www/html/blog/protected/extensions/giix-components/GxActiveRecord.php(152): model()
#3 /var/www/html/blog/protected/views/user/view.php(34): User->getRelationLabel()
#4 /var/www/html/library/yii-1.1.22/framework/web/CBaseController.php(126): require()
#5 /var/www/html/library/yii-1.1.22/framework/web/CBaseController.php(95): UserController->renderInternal()
#6 /var/www/html/library/yii-1.1.22/framework/web/CController.php(872): UserController->renderFile()
#7 /var/www/html/library/yii-1.1.22/framework/web/CController.php(785): UserController->renderPartial()
#8 /var/www/html/blog/protected/controllers/UserController.php(8): UserController->render()
#9 unknown(0): UserController->actionView()
#10 /var/www/html/library/yii-1.1.22/framework/web/actions/CAction.php(109): ReflectionMethod->invokeArgs()
#11 /var/www/html/library/yii-1.1.22/framework/web/actions/CInlineAction.php(47): CInlineAction->runWithParamsInternal()
#12 /var/www/html/library/yii-1.1.22/framework/web/CController.php(308): CInlineAction->runWithParams()
#13 /var/www/html/library/yii-1.1.22/framework/web/CController.php(286): UserController->runAction()
#14 /var/www/html/library/yii-1.1.22/framework/web/CController.php(265): UserController->runActionWithFilters()
#15 /var/www/html/library/yii-1.1.22/framework/web/CWebApplication.php(282): UserController->run()
#16 /var/www/html/library/yii-1.1.22/framework/web/CWebApplication.php(141): CWebApplication->runController()
#17 /var/www/html/library/yii-1.1.22/framework/base/CApplication.php(185): CWebApplication->processRequest()
#18 /var/www/html/blog/index.php(13): CWebApplication->run()
REQUEST_URI=/blog/index.php/user/1
in /var/www/html/blog/protected/extensions/giix-components/GxActiveRecord.php (26)
in /var/www/html/blog/protected/extensions/giix-components/GxActiveRecord.php (152)
in /var/www/html/blog/protected/views/user/view.php (34)
2022/08/08 15:11:56 [error] [php] include(Comments.php): failed to open stream: No such file or directory (/var/www/html/library/yii-1.1.22/framework/YiiBase.php:463)
Stack trace:
#0 /var/www/html/library/yii-1.1.22/framework/db/ar/CActiveRecord.php(397): spl_autoload_call()
#1 /var/www/html/blog/protected/extensions/giix-components/GxActiveRecord.php(26): model()
#2 /var/www/html/blog/protected/extensions/giix-components/GxActiveRecord.php(152): model()
#3 /var/www/html/blog/protected/views/user/view.php(34): User->getRelationLabel()
#4 /var/www/html/library/yii-1.1.22/framework/web/CBaseController.php(126): require()
#5 /var/www/html/library/yii-1.1.22/framework/web/CBaseController.php(95): UserController->renderInternal()
#6 /var/www/html/library/yii-1.1.22/framework/web/CController.php(872): UserController->renderFile()
#7 /var/www/html/library/yii-1.1.22/framework/web/CController.php(785): UserController->renderPartial()
#8 /var/www/html/blog/protected/controllers/UserController.php(8): UserController->render()
#9 unknown(0): UserController->actionView()
#10 /var/www/html/library/yii-1.1.22/framework/web/actions/CAction.php(109): ReflectionMethod->invokeArgs()
#11 /var/www/html/library/yii-1.1.22/framework/web/actions/CInlineAction.php(47): CInlineAction->runWithParamsInternal()
#12 /var/www/html/library/yii-1.1.22/framework/web/CController.php(308): CInlineAction->runWithParams()
#13 /var/www/html/library/yii-1.1.22/framework/web/CController.php(286): UserController->runAction()
#14 /var/www/html/library/yii-1.1.22/framework/web/CController.php(265): UserController->runActionWithFilters()
#15 /var/www/html/library/yii-1.1.22/framework/web/CWebApplication.php(282): UserController->run()
#16 /var/www/html/library/yii-1.1.22/framework/web/CWebApplication.php(141): CWebApplication->runController()
#17 /var/www/html/library/yii-1.1.22/framework/base/CApplication.php(185): CWebApplication->processRequest()
#18 /var/www/html/blog/index.php(13): CWebApplication->run()
REQUEST_URI=/blog/index.php/user/1
in /var/www/html/blog/protected/extensions/giix-components/GxActiveRecord.php (26)
in /var/www/html/blog/protected/extensions/giix-components/GxActiveRecord.php (152)
in /var/www/html/blog/protected/views/user/view.php (34)
2022/08/08 15:11:59 [error] [php] include(Comments.php): failed to open stream: No such file or directory (/var/www/html/library/yii-1.1.22/framework/YiiBase.php:463)
Stack trace:
#0 /var/www/html/library/yii-1.1.22/framework/db/ar/CActiveRecord.php(397): spl_autoload_call()
#1 /var/www/html/blog/protected/extensions/giix-components/GxActiveRecord.php(26): model()
#2 /var/www/html/blog/protected/extensions/giix-components/GxActiveRecord.php(152): model()
#3 /var/www/html/blog/protected/views/user/view.php(34): User->getRelationLabel()
#4 /var/www/html/library/yii-1.1.22/framework/web/CBaseController.php(126): require()
#5 /var/www/html/library/yii-1.1.22/framework/web/CBaseController.php(95): UserController->renderInternal()
#6 /var/www/html/library/yii-1.1.22/framework/web/CController.php(872): UserController->renderFile()
#7 /var/www/html/library/yii-1.1.22/framework/web/CController.php(785): UserController->renderPartial()
#8 /var/www/html/blog/protected/controllers/UserController.php(8): UserController->render()
#9 unknown(0): UserController->actionView()
#10 /var/www/html/library/yii-1.1.22/framework/web/actions/CAction.php(109): ReflectionMethod->invokeArgs()
#11 /var/www/html/library/yii-1.1.22/framework/web/actions/CInlineAction.php(47): CInlineAction->runWithParamsInternal()
#12 /var/www/html/library/yii-1.1.22/framework/web/CController.php(308): CInlineAction->runWithParams()
#13 /var/www/html/library/yii-1.1.22/framework/web/CController.php(286): UserController->runAction()
#14 /var/www/html/library/yii-1.1.22/framework/web/CController.php(265): UserController->runActionWithFilters()
#15 /var/www/html/library/yii-1.1.22/framework/web/CWebApplication.php(282): UserController->run()
#16 /var/www/html/library/yii-1.1.22/framework/web/CWebApplication.php(141): CWebApplication->runController()
#17 /var/www/html/library/yii-1.1.22/framework/base/CApplication.php(185): CWebApplication->processRequest()
#18 /var/www/html/blog/index.php(13): CWebApplication->run()
REQUEST_URI=/blog/index.php/user/1
in /var/www/html/blog/protected/extensions/giix-components/GxActiveRecord.php (26)
in /var/www/html/blog/protected/extensions/giix-components/GxActiveRecord.php (152)
in /var/www/html/blog/protected/views/user/view.php (34)
2022/08/08 15:12:00 [error] [php] include(Comments.php): failed to open stream: No such file or directory (/var/www/html/library/yii-1.1.22/framework/YiiBase.php:463)
Stack trace:
#0 /var/www/html/library/yii-1.1.22/framework/db/ar/CActiveRecord.php(397): spl_autoload_call()
#1 /var/www/html/blog/protected/extensions/giix-components/GxActiveRecord.php(26): model()
#2 /var/www/html/blog/protected/extensions/giix-components/GxActiveRecord.php(152): model()
#3 /var/www/html/blog/protected/views/user/view.php(34): User->getRelationLabel()
#4 /var/www/html/library/yii-1.1.22/framework/web/CBaseController.php(126): require()
#5 /var/www/html/library/yii-1.1.22/framework/web/CBaseController.php(95): UserController->renderInternal()
#6 /var/www/html/library/yii-1.1.22/framework/web/CController.php(872): UserController->renderFile()
#7 /var/www/html/library/yii-1.1.22/framework/web/CController.php(785): UserController->renderPartial()
#8 /var/www/html/blog/protected/controllers/UserController.php(8): UserController->render()
#9 unknown(0): UserController->actionView()
#10 /var/www/html/library/yii-1.1.22/framework/web/actions/CAction.php(109): ReflectionMethod->invokeArgs()
#11 /var/www/html/library/yii-1.1.22/framework/web/actions/CInlineAction.php(47): CInlineAction->runWithParamsInternal()
#12 /var/www/html/library/yii-1.1.22/framework/web/CController.php(308): CInlineAction->runWithParams()
#13 /var/www/html/library/yii-1.1.22/framework/web/CController.php(286): UserController->runAction()
#14 /var/www/html/library/yii-1.1.22/framework/web/CController.php(265): UserController->runActionWithFilters()
#15 /var/www/html/library/yii-1.1.22/framework/web/CWebApplication.php(282): UserController->run()
#16 /var/www/html/library/yii-1.1.22/framework/web/CWebApplication.php(141): CWebApplication->runController()
#17 /var/www/html/library/yii-1.1.22/framework/base/CApplication.php(185): CWebApplication->processRequest()
#18 /var/www/html/blog/index.php(13): CWebApplication->run()
REQUEST_URI=/blog/index.php/user/1
in /var/www/html/blog/protected/extensions/giix-components/GxActiveRecord.php (26)
in /var/www/html/blog/protected/extensions/giix-components/GxActiveRecord.php (152)
in /var/www/html/blog/protected/views/user/view.php (34)
2022/08/08 15:12:59 [error] [php] include(Comments.php): failed to open stream: No such file or directory (/var/www/html/library/yii-1.1.22/framework/YiiBase.php:463)
Stack trace:
#0 /var/www/html/library/yii-1.1.22/framework/db/ar/CActiveRecord.php(397): spl_autoload_call()
#1 /var/www/html/blog/protected/extensions/giix-components/GxActiveRecord.php(26): model()
#2 /var/www/html/blog/protected/extensions/giix-components/GxActiveRecord.php(152): model()
#3 /var/www/html/blog/protected/views/user/view.php(34): User->getRelationLabel()
#4 /var/www/html/library/yii-1.1.22/framework/web/CBaseController.php(126): require()
#5 /var/www/html/library/yii-1.1.22/framework/web/CBaseController.php(95): UserController->renderInternal()
#6 /var/www/html/library/yii-1.1.22/framework/web/CController.php(872): UserController->renderFile()
#7 /var/www/html/library/yii-1.1.22/framework/web/CController.php(785): UserController->renderPartial()
#8 /var/www/html/blog/protected/controllers/UserController.php(8): UserController->render()
#9 unknown(0): UserController->actionView()
#10 /var/www/html/library/yii-1.1.22/framework/web/actions/CAction.php(109): ReflectionMethod->invokeArgs()
#11 /var/www/html/library/yii-1.1.22/framework/web/actions/CInlineAction.php(47): CInlineAction->runWithParamsInternal()
#12 /var/www/html/library/yii-1.1.22/framework/web/CController.php(308): CInlineAction->runWithParams()
#13 /var/www/html/library/yii-1.1.22/framework/web/CController.php(286): UserController->runAction()
#14 /var/www/html/library/yii-1.1.22/framework/web/CController.php(265): UserController->runActionWithFilters()
#15 /var/www/html/library/yii-1.1.22/framework/web/CWebApplication.php(282): UserController->run()
#16 /var/www/html/library/yii-1.1.22/framework/web/CWebApplication.php(141): CWebApplication->runController()
#17 /var/www/html/library/yii-1.1.22/framework/base/CApplication.php(185): CWebApplication->processRequest()
#18 /var/www/html/blog/index.php(13): CWebApplication->run()
REQUEST_URI=/blog/index.php/user/1
in /var/www/html/blog/protected/extensions/giix-components/GxActiveRecord.php (26)
in /var/www/html/blog/protected/extensions/giix-components/GxActiveRecord.php (152)
in /var/www/html/blog/protected/views/user/view.php (34)
2022/08/08 15:13:00 [error] [php] include(Comments.php): failed to open stream: No such file or directory (/var/www/html/library/yii-1.1.22/framework/YiiBase.php:463)
Stack trace:
#0 /var/www/html/library/yii-1.1.22/framework/db/ar/CActiveRecord.php(397): spl_autoload_call()
#1 /var/www/html/blog/protected/extensions/giix-components/GxActiveRecord.php(26): model()
#2 /var/www/html/blog/protected/extensions/giix-components/GxActiveRecord.php(152): model()
#3 /var/www/html/blog/protected/views/user/view.php(34): User->getRelationLabel()
#4 /var/www/html/library/yii-1.1.22/framework/web/CBaseController.php(126): require()
#5 /var/www/html/library/yii-1.1.22/framework/web/CBaseController.php(95): UserController->renderInternal()
#6 /var/www/html/library/yii-1.1.22/framework/web/CController.php(872): UserController->renderFile()
#7 /var/www/html/library/yii-1.1.22/framework/web/CController.php(785): UserController->renderPartial()
#8 /var/www/html/blog/protected/controllers/UserController.php(8): UserController->render()
#9 unknown(0): UserController->actionView()
#10 /var/www/html/library/yii-1.1.22/framework/web/actions/CAction.php(109): ReflectionMethod->invokeArgs()
#11 /var/www/html/library/yii-1.1.22/framework/web/actions/CInlineAction.php(47): CInlineAction->runWithParamsInternal()
#12 /var/www/html/library/yii-1.1.22/framework/web/CController.php(308): CInlineAction->runWithParams()
#13 /var/www/html/library/yii-1.1.22/framework/web/CController.php(286): UserController->runAction()
#14 /var/www/html/library/yii-1.1.22/framework/web/CController.php(265): UserController->runActionWithFilters()
#15 /var/www/html/library/yii-1.1.22/framework/web/CWebApplication.php(282): UserController->run()
#16 /var/www/html/library/yii-1.1.22/framework/web/CWebApplication.php(141): CWebApplication->runController()
#17 /var/www/html/library/yii-1.1.22/framework/base/CApplication.php(185): CWebApplication->processRequest()
#18 /var/www/html/blog/index.php(13): CWebApplication->run()
REQUEST_URI=/blog/index.php/user/1
in /var/www/html/blog/protected/extensions/giix-components/GxActiveRecord.php (26)
in /var/www/html/blog/protected/extensions/giix-components/GxActiveRecord.php (152)
in /var/www/html/blog/protected/views/user/view.php (34)
2022/08/08 15:13:43 [error] [php] include(Posts.php): failed to open stream: No such file or directory (/var/www/html/library/yii-1.1.22/framework/YiiBase.php:463)
Stack trace:
#0 /var/www/html/library/yii-1.1.22/framework/db/ar/CActiveRecord.php(397): spl_autoload_call()
#1 /var/www/html/blog/protected/extensions/giix-components/GxActiveRecord.php(26): model()
#2 /var/www/html/blog/protected/extensions/giix-components/GxActiveRecord.php(152): model()
#3 /var/www/html/blog/protected/views/user/view.php(43): User->getRelationLabel()
#4 /var/www/html/library/yii-1.1.22/framework/web/CBaseController.php(126): require()
#5 /var/www/html/library/yii-1.1.22/framework/web/CBaseController.php(95): UserController->renderInternal()
#6 /var/www/html/library/yii-1.1.22/framework/web/CController.php(872): UserController->renderFile()
#7 /var/www/html/library/yii-1.1.22/framework/web/CController.php(785): UserController->renderPartial()
#8 /var/www/html/blog/protected/controllers/UserController.php(8): UserController->render()
#9 unknown(0): UserController->actionView()
#10 /var/www/html/library/yii-1.1.22/framework/web/actions/CAction.php(109): ReflectionMethod->invokeArgs()
#11 /var/www/html/library/yii-1.1.22/framework/web/actions/CInlineAction.php(47): CInlineAction->runWithParamsInternal()
#12 /var/www/html/library/yii-1.1.22/framework/web/CController.php(308): CInlineAction->runWithParams()
#13 /var/www/html/library/yii-1.1.22/framework/web/CController.php(286): UserController->runAction()
#14 /var/www/html/library/yii-1.1.22/framework/web/CController.php(265): UserController->runActionWithFilters()
#15 /var/www/html/library/yii-1.1.22/framework/web/CWebApplication.php(282): UserController->run()
#16 /var/www/html/library/yii-1.1.22/framework/web/CWebApplication.php(141): CWebApplication->runController()
#17 /var/www/html/library/yii-1.1.22/framework/base/CApplication.php(185): CWebApplication->processRequest()
#18 /var/www/html/blog/index.php(13): CWebApplication->run()
REQUEST_URI=/blog/index.php/user/1
in /var/www/html/blog/protected/extensions/giix-components/GxActiveRecord.php (26)
in /var/www/html/blog/protected/extensions/giix-components/GxActiveRecord.php (152)
in /var/www/html/blog/protected/views/user/view.php (43)
2022/08/08 15:18:57 [error] [exception.CHttpException.404] CHttpException: Unable to resolve the request "posts/view". in /var/www/html/library/yii-1.1.22/framework/web/CWebApplication.php:286
Stack trace:
#0 /var/www/html/library/yii-1.1.22/framework/web/CWebApplication.php(141): CWebApplication->runController('posts/view')
#1 /var/www/html/library/yii-1.1.22/framework/base/CApplication.php(185): CWebApplication->processRequest()
#2 /var/www/html/blog/index.php(13): CApplication->run()
#3 {main}
REQUEST_URI=/blog/index.php/posts/1
HTTP_REFERER=http://conexa.blog/blog/index.php/user/1
---
2022/08/08 15:18:59 [error] [exception.CHttpException.404] CHttpException: Unable to resolve the request "posts/view". in /var/www/html/library/yii-1.1.22/framework/web/CWebApplication.php:286
Stack trace:
#0 /var/www/html/library/yii-1.1.22/framework/web/CWebApplication.php(141): CWebApplication->runController('posts/view')
#1 /var/www/html/library/yii-1.1.22/framework/base/CApplication.php(185): CWebApplication->processRequest()
#2 /var/www/html/blog/index.php(13): CApplication->run()
#3 {main}
REQUEST_URI=/blog/index.php/posts/1
HTTP_REFERER=http://conexa.blog/blog/index.php/user/1
---
2022/08/08 15:19:01 [error] [exception.CHttpException.404] CHttpException: Unable to resolve the request "posts/view". in /var/www/html/library/yii-1.1.22/framework/web/CWebApplication.php:286
Stack trace:
#0 /var/www/html/library/yii-1.1.22/framework/web/CWebApplication.php(141): CWebApplication->runController('posts/view')
#1 /var/www/html/library/yii-1.1.22/framework/base/CApplication.php(185): CWebApplication->processRequest()
#2 /var/www/html/blog/index.php(13): CApplication->run()
#3 {main}
REQUEST_URI=/blog/index.php/posts/1
HTTP_REFERER=http://conexa.blog/blog/index.php/user/1
---
2022/08/08 15:19:02 [error] [exception.CHttpException.404] CHttpException: Unable to resolve the request "posts/view". in /var/www/html/library/yii-1.1.22/framework/web/CWebApplication.php:286
Stack trace:
#0 /var/www/html/library/yii-1.1.22/framework/web/CWebApplication.php(141): CWebApplication->runController('posts/view')
#1 /var/www/html/library/yii-1.1.22/framework/base/CApplication.php(185): CWebApplication->processRequest()
#2 /var/www/html/blog/index.php(13): CApplication->run()
#3 {main}
REQUEST_URI=/blog/index.php/posts/1
HTTP_REFERER=http://conexa.blog/blog/index.php/user/1
---
2022/08/08 15:19:03 [error] [exception.CHttpException.404] CHttpException: Unable to resolve the request "posts/view". in /var/www/html/library/yii-1.1.22/framework/web/CWebApplication.php:286
Stack trace:
#0 /var/www/html/library/yii-1.1.22/framework/web/CWebApplication.php(141): CWebApplication->runController('posts/view')
#1 /var/www/html/library/yii-1.1.22/framework/base/CApplication.php(185): CWebApplication->processRequest()
#2 /var/www/html/blog/index.php(13): CApplication->run()
#3 {main}
REQUEST_URI=/blog/index.php/posts/1
HTTP_REFERER=http://conexa.blog/blog/index.php/user/1
---
2022/08/08 15:19:20 [error] [exception.CHttpException.404] CHttpException: Unable to resolve the request "comments/view". in /var/www/html/library/yii-1.1.22/framework/web/CWebApplication.php:286
Stack trace:
#0 /var/www/html/library/yii-1.1.22/framework/web/CWebApplication.php(141): CWebApplication->runController('comments/view')
#1 /var/www/html/library/yii-1.1.22/framework/base/CApplication.php(185): CWebApplication->processRequest()
#2 /var/www/html/blog/index.php(13): CApplication->run()
#3 {main}
REQUEST_URI=/blog/index.php/comments/2
HTTP_REFERER=http://conexa.blog/blog/index.php/user/1
---
2022/08/08 15:19:22 [error] [exception.CHttpException.404] CHttpException: Unable to resolve the request "comments/view". in /var/www/html/library/yii-1.1.22/framework/web/CWebApplication.php:286
Stack trace:
#0 /var/www/html/library/yii-1.1.22/framework/web/CWebApplication.php(141): CWebApplication->runController('comments/view')
#1 /var/www/html/library/yii-1.1.22/framework/base/CApplication.php(185): CWebApplication->processRequest()
#2 /var/www/html/blog/index.php(13): CApplication->run()
#3 {main}
REQUEST_URI=/blog/index.php/comments/1
HTTP_REFERER=http://conexa.blog/blog/index.php/user/1
---
2022/08/08 15:19:25 [error] [exception.CHttpException.404] CHttpException: Unable to resolve the request "posts/view". in /var/www/html/library/yii-1.1.22/framework/web/CWebApplication.php:286
Stack trace:
#0 /var/www/html/library/yii-1.1.22/framework/web/CWebApplication.php(141): CWebApplication->runController('posts/view')
#1 /var/www/html/library/yii-1.1.22/framework/base/CApplication.php(185): CWebApplication->processRequest()
#2 /var/www/html/blog/index.php(13): CApplication->run()
#3 {main}
REQUEST_URI=/blog/index.php/posts/1
HTTP_REFERER=http://conexa.blog/blog/index.php/user/1
---
2022/08/08 15:19:43 [error] [exception.CHttpException.404] CHttpException: Unable to resolve the request "sessions/view". in /var/www/html/library/yii-1.1.22/framework/web/CWebApplication.php:286
Stack trace:
#0 /var/www/html/library/yii-1.1.22/framework/web/CWebApplication.php(141): CWebApplication->runController('sessions/view')
#1 /var/www/html/library/yii-1.1.22/framework/base/CApplication.php(185): CWebApplication->processRequest()
#2 /var/www/html/blog/index.php(13): CApplication->run()
#3 {main}
REQUEST_URI=/blog/index.php/sessions/0
HTTP_REFERER=http://conexa.blog/blog/index.php/user/1
---
2022/08/08 15:19:47 [error] [exception.CHttpException.404] CHttpException: Unable to resolve the request "sessions/view". in /var/www/html/library/yii-1.1.22/framework/web/CWebApplication.php:286
Stack trace:
#0 /var/www/html/library/yii-1.1.22/framework/web/CWebApplication.php(141): CWebApplication->runController('sessions/view')
#1 /var/www/html/library/yii-1.1.22/framework/base/CApplication.php(185): CWebApplication->processRequest()
#2 /var/www/html/blog/index.php(13): CApplication->run()
#3 {main}
REQUEST_URI=/blog/index.php/sessions/0
HTTP_REFERER=http://conexa.blog/blog/index.php/user/1
---
2022/08/08 15:25:07 [error] [exception.CException] CException: CAssetManager.basePath "/var/www/html/blog/assets" is invalid. Please make sure the directory exists and is writable by the Web server process. in /var/www/html/library/yii-1.1.22/framework/web/CAssetManager.php:138
Stack trace:
#0 /var/www/html/library/yii-1.1.22/framework/web/CAssetManager.php(123): CAssetManager->setBasePath('/var/www/html/b...')
#1 /var/www/html/library/yii-1.1.22/framework/web/CAssetManager.php(217): CAssetManager->getBasePath()
#2 /var/www/html/library/yii-1.1.22/framework/web/CClientScript.php(511): CAssetManager->publish('/var/www/html/l...')
#3 /var/www/html/library/yii-1.1.22/framework/web/CClientScript.php(548): CClientScript->getCoreScriptUrl()
#4 /var/www/html/library/yii-1.1.22/framework/web/CClientScript.php(349): CClientScript->getPackageBaseUrl('jquery')
#5 /var/www/html/library/yii-1.1.22/framework/web/CClientScript.php(208): CClientScript->renderCoreScripts()
#6 /var/www/html/library/yii-1.1.22/framework/web/CController.php(352): CClientScript->render('<!DOCTYPE html>...')
#7 /var/www/html/library/yii-1.1.22/framework/web/CController.php(791): CController->processOutput('<!DOCTYPE html>...')
#8 /var/www/html/blog/protected/controllers/SiteController.php(72): CController->render('contact', Array)
#9 /var/www/html/library/yii-1.1.22/framework/web/actions/CInlineAction.php(49): SiteController->actionContact()
#10 /var/www/html/library/yii-1.1.22/framework/web/CController.php(308): CInlineAction->runWithParams(Array)
#11 /var/www/html/library/yii-1.1.22/framework/web/CController.php(286): CController->runAction(Object(CInlineAction))
#12 /var/www/html/library/yii-1.1.22/framework/web/CController.php(265): CController->runActionWithFilters(Object(CInlineAction), Array)
#13 /var/www/html/library/yii-1.1.22/framework/web/CWebApplication.php(282): CController->run('contact')
#14 /var/www/html/library/yii-1.1.22/framework/web/CWebApplication.php(141): CWebApplication->runController('site/contact')
#15 /var/www/html/library/yii-1.1.22/framework/base/CApplication.php(185): CWebApplication->processRequest()
#16 /var/www/html/blog/index.php(13): CApplication->run()
#17 {main}
REQUEST_URI=/blog/index.php/site/contact
HTTP_REFERER=http://conexa.blog/blog/index.php/site/page?view=about
---
2022/08/08 15:25:13 [error] [exception.CHttpException.404] CHttpException: The system is unable to find the requested action "post". in /var/www/html/library/yii-1.1.22/framework/web/CController.php:486
Stack trace:
#0 /var/www/html/library/yii-1.1.22/framework/web/CController.php(270): CController->missingAction('post')
#1 /var/www/html/library/yii-1.1.22/framework/web/CWebApplication.php(282): CController->run('post')
#2 /var/www/html/library/yii-1.1.22/framework/web/CWebApplication.php(141): CWebApplication->runController('site/post')
#3 /var/www/html/library/yii-1.1.22/framework/base/CApplication.php(185): CWebApplication->processRequest()
#4 /var/www/html/blog/index.php(13): CApplication->run()
#5 {main}
REQUEST_URI=/blog/index.php/site/post
---
2022/08/08 15:25:38 [error] [exception.CException] CException: CAssetManager.basePath "/var/www/html/blog/assets" is invalid. Please make sure the directory exists and is writable by the Web server process. in /var/www/html/library/yii-1.1.22/framework/web/CAssetManager.php:138
Stack trace:
#0 /var/www/html/library/yii-1.1.22/framework/web/CAssetManager.php(123): CAssetManager->setBasePath('/var/www/html/b...')
#1 /var/www/html/library/yii-1.1.22/framework/web/CAssetManager.php(217): CAssetManager->getBasePath()
#2 /var/www/html/library/yii-1.1.22/framework/zii/widgets/CListView.php(217): CAssetManager->publish('/var/www/html/l...')
#3 /var/www/html/library/yii-1.1.22/framework/web/CBaseController.php(147): CListView->init()
#4 /var/www/html/library/yii-1.1.22/framework/web/CBaseController.php(181): CBaseController->createWidget('zii.widgets.CLi...', Array)
#5 /var/www/html/blog/protected/views/post/index.php(18): CBaseController->widget('zii.widgets.CLi...', Array)
#6 /var/www/html/library/yii-1.1.22/framework/web/CBaseController.php(126): require('/var/www/html/b...')
#7 /var/www/html/library/yii-1.1.22/framework/web/CBaseController.php(95): CBaseController->renderInternal('/var/www/html/b...', Array, true)
#8 /var/www/html/library/yii-1.1.22/framework/web/CController.php(872): CBaseController->renderFile('/var/www/html/b...', Array, true)
#9 /var/www/html/library/yii-1.1.22/framework/web/CController.php(785): CController->renderPartial('index', Array, true)
#10 /var/www/html/blog/protected/controllers/PostController.php(60): CController->render('index', Array)
#11 /var/www/html/library/yii-1.1.22/framework/web/actions/CInlineAction.php(49): PostController->actionIndex()
#12 /var/www/html/library/yii-1.1.22/framework/web/CController.php(308): CInlineAction->runWithParams(Array)
#13 /var/www/html/library/yii-1.1.22/framework/web/CController.php(286): CController->runAction(Object(CInlineAction))
#14 /var/www/html/library/yii-1.1.22/framework/web/CController.php(265): CController->runActionWithFilters(Object(CInlineAction), Array)
#15 /var/www/html/library/yii-1.1.22/framework/web/CWebApplication.php(282): CController->run('')
#16 /var/www/html/library/yii-1.1.22/framework/web/CWebApplication.php(141): CWebApplication->runController('post')
#17 /var/www/html/library/yii-1.1.22/framework/base/CApplication.php(185): CWebApplication->processRequest()
#18 /var/www/html/blog/index.php(13): CApplication->run()
#19 {main}
REQUEST_URI=/blog/index.php/post
---
2022/08/08 15:38:12 [error] [php] include(Users.php): failed to open stream: No such file or directory (/var/www/html/library/yii-1.1.22/framework/YiiBase.php:463)
Stack trace:
#0 /var/www/html/blog/protected/views/post/_search.php(15): spl_autoload_call()
#1 /var/www/html/library/yii-1.1.22/framework/web/CBaseController.php(126): require()
#2 /var/www/html/library/yii-1.1.22/framework/web/CBaseController.php(95): PostController->renderInternal()
#3 /var/www/html/library/yii-1.1.22/framework/web/CController.php(872): PostController->renderFile()
#4 /var/www/html/blog/protected/views/post/admin.php(36): PostController->renderPartial()
#5 /var/www/html/library/yii-1.1.22/framework/web/CBaseController.php(126): require()
#6 /var/www/html/library/yii-1.1.22/framework/web/CBaseController.php(95): PostController->renderInternal()
#7 /var/www/html/library/yii-1.1.22/framework/web/CController.php(872): PostController->renderFile()
#8 /var/www/html/library/yii-1.1.22/framework/web/CController.php(785): PostController->renderPartial()
#9 /var/www/html/blog/protected/controllers/PostController.php(72): PostController->render()
#10 /var/www/html/library/yii-1.1.22/framework/web/actions/CInlineAction.php(49): PostController->actionAdmin()
#11 /var/www/html/library/yii-1.1.22/framework/web/CController.php(308): CInlineAction->runWithParams()
#12 /var/www/html/library/yii-1.1.22/framework/web/CController.php(286): PostController->runAction()
#13 /var/www/html/library/yii-1.1.22/framework/web/CController.php(265): PostController->runActionWithFilters()
#14 /var/www/html/library/yii-1.1.22/framework/web/CWebApplication.php(282): PostController->run()
#15 /var/www/html/library/yii-1.1.22/framework/web/CWebApplication.php(141): CWebApplication->runController()
#16 /var/www/html/library/yii-1.1.22/framework/base/CApplication.php(185): CWebApplication->processRequest()
#17 /var/www/html/blog/index.php(13): CWebApplication->run()
REQUEST_URI=/blog/index.php/post/admin
in /var/www/html/blog/protected/views/post/_search.php (15)
in /var/www/html/blog/protected/views/post/admin.php (36)
in /var/www/html/blog/protected/controllers/PostController.php (72)
2022/08/08 15:38:15 [error] [php] include(Users.php): failed to open stream: No such file or directory (/var/www/html/library/yii-1.1.22/framework/YiiBase.php:463)
Stack trace:
#0 /var/www/html/blog/protected/views/post/_search.php(15): spl_autoload_call()
#1 /var/www/html/library/yii-1.1.22/framework/web/CBaseController.php(126): require()
#2 /var/www/html/library/yii-1.1.22/framework/web/CBaseController.php(95): PostController->renderInternal()
#3 /var/www/html/library/yii-1.1.22/framework/web/CController.php(872): PostController->renderFile()
#4 /var/www/html/blog/protected/views/post/admin.php(36): PostController->renderPartial()
#5 /var/www/html/library/yii-1.1.22/framework/web/CBaseController.php(126): require()
#6 /var/www/html/library/yii-1.1.22/framework/web/CBaseController.php(95): PostController->renderInternal()
#7 /var/www/html/library/yii-1.1.22/framework/web/CController.php(872): PostController->renderFile()
#8 /var/www/html/library/yii-1.1.22/framework/web/CController.php(785): PostController->renderPartial()
#9 /var/www/html/blog/protected/controllers/PostController.php(72): PostController->render()
#10 /var/www/html/library/yii-1.1.22/framework/web/actions/CInlineAction.php(49): PostController->actionAdmin()
#11 /var/www/html/library/yii-1.1.22/framework/web/CController.php(308): CInlineAction->runWithParams()
#12 /var/www/html/library/yii-1.1.22/framework/web/CController.php(286): PostController->runAction()
#13 /var/www/html/library/yii-1.1.22/framework/web/CController.php(265): PostController->runActionWithFilters()
#14 /var/www/html/library/yii-1.1.22/framework/web/CWebApplication.php(282): PostController->run()
#15 /var/www/html/library/yii-1.1.22/framework/web/CWebApplication.php(141): CWebApplication->runController()
#16 /var/www/html/library/yii-1.1.22/framework/base/CApplication.php(185): CWebApplication->processRequest()
#17 /var/www/html/blog/index.php(13): CWebApplication->run()
REQUEST_URI=/blog/index.php/post/admin
in /var/www/html/blog/protected/views/post/_search.php (15)
in /var/www/html/blog/protected/views/post/admin.php (36)
in /var/www/html/blog/protected/controllers/PostController.php (72)
2022/08/08 15:38:29 [error] [php] include(Users.php): failed to open stream: No such file or directory (/var/www/html/library/yii-1.1.22/framework/YiiBase.php:463)
Stack trace:
#0 /var/www/html/blog/protected/views/post/_search.php(15): spl_autoload_call()
#1 /var/www/html/library/yii-1.1.22/framework/web/CBaseController.php(126): require()
#2 /var/www/html/library/yii-1.1.22/framework/web/CBaseController.php(95): PostController->renderInternal()
#3 /var/www/html/library/yii-1.1.22/framework/web/CController.php(872): PostController->renderFile()
#4 /var/www/html/blog/protected/views/post/admin.php(36): PostController->renderPartial()
#5 /var/www/html/library/yii-1.1.22/framework/web/CBaseController.php(126): require()
#6 /var/www/html/library/yii-1.1.22/framework/web/CBaseController.php(95): PostController->renderInternal()
#7 /var/www/html/library/yii-1.1.22/framework/web/CController.php(872): PostController->renderFile()
#8 /var/www/html/library/yii-1.1.22/framework/web/CController.php(785): PostController->renderPartial()
#9 /var/www/html/blog/protected/controllers/PostController.php(72): PostController->render()
#10 /var/www/html/library/yii-1.1.22/framework/web/actions/CInlineAction.php(49): PostController->actionAdmin()
#11 /var/www/html/library/yii-1.1.22/framework/web/CController.php(308): CInlineAction->runWithParams()
#12 /var/www/html/library/yii-1.1.22/framework/web/CController.php(286): PostController->runAction()
#13 /var/www/html/library/yii-1.1.22/framework/web/CController.php(265): PostController->runActionWithFilters()
#14 /var/www/html/library/yii-1.1.22/framework/web/CWebApplication.php(282): PostController->run()
#15 /var/www/html/library/yii-1.1.22/framework/web/CWebApplication.php(141): CWebApplication->runController()
#16 /var/www/html/library/yii-1.1.22/framework/base/CApplication.php(185): CWebApplication->processRequest()
#17 /var/www/html/blog/index.php(13): CWebApplication->run()
REQUEST_URI=/blog/index.php/post/admin
in /var/www/html/blog/protected/views/post/_search.php (15)
in /var/www/html/blog/protected/views/post/admin.php (36)
in /var/www/html/blog/protected/controllers/PostController.php (72)
2022/08/08 15:38:35 [error] [php] include(Users.php): failed to open stream: No such file or directory (/var/www/html/library/yii-1.1.22/framework/YiiBase.php:463)
Stack trace:
#0 /var/www/html/blog/protected/views/post/_search.php(15): spl_autoload_call()
#1 /var/www/html/library/yii-1.1.22/framework/web/CBaseController.php(126): require()
#2 /var/www/html/library/yii-1.1.22/framework/web/CBaseController.php(95): PostController->renderInternal()
#3 /var/www/html/library/yii-1.1.22/framework/web/CController.php(872): PostController->renderFile()
#4 /var/www/html/blog/protected/views/post/admin.php(36): PostController->renderPartial()
#5 /var/www/html/library/yii-1.1.22/framework/web/CBaseController.php(126): require()
#6 /var/www/html/library/yii-1.1.22/framework/web/CBaseController.php(95): PostController->renderInternal()
#7 /var/www/html/library/yii-1.1.22/framework/web/CController.php(872): PostController->renderFile()
#8 /var/www/html/library/yii-1.1.22/framework/web/CController.php(785): PostController->renderPartial()
#9 /var/www/html/blog/protected/controllers/PostController.php(72): PostController->render()
#10 /var/www/html/library/yii-1.1.22/framework/web/actions/CInlineAction.php(49): PostController->actionAdmin()
#11 /var/www/html/library/yii-1.1.22/framework/web/CController.php(308): CInlineAction->runWithParams()
#12 /var/www/html/library/yii-1.1.22/framework/web/CController.php(286): PostController->runAction()
#13 /var/www/html/library/yii-1.1.22/framework/web/CController.php(265): PostController->runActionWithFilters()
#14 /var/www/html/library/yii-1.1.22/framework/web/CWebApplication.php(282): PostController->run()
#15 /var/www/html/library/yii-1.1.22/framework/web/CWebApplication.php(141): CWebApplication->runController()
#16 /var/www/html/library/yii-1.1.22/framework/base/CApplication.php(185): CWebApplication->processRequest()
#17 /var/www/html/blog/index.php(13): CWebApplication->run()
REQUEST_URI=/blog/index.php/post/admin
in /var/www/html/blog/protected/views/post/_search.php (15)
in /var/www/html/blog/protected/views/post/admin.php (36)
in /var/www/html/blog/protected/controllers/PostController.php (72)
2022/08/08 15:38:51 [error] [php] include(Users.php): failed to open stream: No such file or directory (/var/www/html/library/yii-1.1.22/framework/YiiBase.php:463)
Stack trace:
#0 /var/www/html/blog/protected/views/post/_search.php(15): spl_autoload_call()
#1 /var/www/html/library/yii-1.1.22/framework/web/CBaseController.php(126): require()
#2 /var/www/html/library/yii-1.1.22/framework/web/CBaseController.php(95): PostController->renderInternal()
#3 /var/www/html/library/yii-1.1.22/framework/web/CController.php(872): PostController->renderFile()
#4 /var/www/html/blog/protected/views/post/admin.php(36): PostController->renderPartial()
#5 /var/www/html/library/yii-1.1.22/framework/web/CBaseController.php(126): require()
#6 /var/www/html/library/yii-1.1.22/framework/web/CBaseController.php(95): PostController->renderInternal()
#7 /var/www/html/library/yii-1.1.22/framework/web/CController.php(872): PostController->renderFile()
#8 /var/www/html/library/yii-1.1.22/framework/web/CController.php(785): PostController->renderPartial()
#9 /var/www/html/blog/protected/controllers/PostController.php(72): PostController->render()
#10 /var/www/html/library/yii-1.1.22/framework/web/actions/CInlineAction.php(49): PostController->actionAdmin()
#11 /var/www/html/library/yii-1.1.22/framework/web/CController.php(308): CInlineAction->runWithParams()
#12 /var/www/html/library/yii-1.1.22/framework/web/CController.php(286): PostController->runAction()
#13 /var/www/html/library/yii-1.1.22/framework/web/CController.php(265): PostController->runActionWithFilters()
#14 /var/www/html/library/yii-1.1.22/framework/web/CWebApplication.php(282): PostController->run()
#15 /var/www/html/library/yii-1.1.22/framework/web/CWebApplication.php(141): CWebApplication->runController()
#16 /var/www/html/library/yii-1.1.22/framework/base/CApplication.php(185): CWebApplication->processRequest()
#17 /var/www/html/blog/index.php(13): CWebApplication->run()
REQUEST_URI=/blog/index.php/post/admin
in /var/www/html/blog/protected/views/post/_search.php (15)
in /var/www/html/blog/protected/views/post/admin.php (36)
in /var/www/html/blog/protected/controllers/PostController.php (72)
2022/08/08 15:39:52 [error] [php] include(Users.php): failed to open stream: No such file or directory (/var/www/html/library/yii-1.1.22/framework/YiiBase.php:463)
Stack trace:
#0 /var/www/html/blog/protected/views/post/_search.php(15): spl_autoload_call()
#1 /var/www/html/library/yii-1.1.22/framework/web/CBaseController.php(126): require()
#2 /var/www/html/library/yii-1.1.22/framework/web/CBaseController.php(95): PostController->renderInternal()
#3 /var/www/html/library/yii-1.1.22/framework/web/CController.php(872): PostController->renderFile()
#4 /var/www/html/blog/protected/views/post/admin.php(36): PostController->renderPartial()
#5 /var/www/html/library/yii-1.1.22/framework/web/CBaseController.php(126): require()
#6 /var/www/html/library/yii-1.1.22/framework/web/CBaseController.php(95): PostController->renderInternal()
#7 /var/www/html/library/yii-1.1.22/framework/web/CController.php(872): PostController->renderFile()
#8 /var/www/html/library/yii-1.1.22/framework/web/CController.php(785): PostController->renderPartial()
#9 /var/www/html/blog/protected/controllers/PostController.php(72): PostController->render()
#10 /var/www/html/library/yii-1.1.22/framework/web/actions/CInlineAction.php(49): PostController->actionAdmin()
#11 /var/www/html/library/yii-1.1.22/framework/web/CController.php(308): CInlineAction->runWithParams()
#12 /var/www/html/library/yii-1.1.22/framework/web/CController.php(286): PostController->runAction()
#13 /var/www/html/library/yii-1.1.22/framework/web/CController.php(265): PostController->runActionWithFilters()
#14 /var/www/html/library/yii-1.1.22/framework/web/CWebApplication.php(282): PostController->run()
#15 /var/www/html/library/yii-1.1.22/framework/web/CWebApplication.php(141): CWebApplication->runController()
#16 /var/www/html/library/yii-1.1.22/framework/base/CApplication.php(185): CWebApplication->processRequest()
#17 /var/www/html/blog/index.php(13): CWebApplication->run()
REQUEST_URI=/blog/index.php/post/admin
in /var/www/html/blog/protected/views/post/_search.php (15)
in /var/www/html/blog/protected/views/post/admin.php (36)
in /var/www/html/blog/protected/controllers/PostController.php (72)
